In file included from [01m[K/opt/ros/noetic/include/ros/ros.h:40[m[K,
                 from [01m[K/home/marco/IntelligentRobotics/catkin_ws/src/intro_tutorial/src/example3_b.cpp:1[m[K:
[01m[K/home/marco/IntelligentRobotics/catkin_ws/src/intro_tutorial/src/example3_b.cpp:[m[K In function â€˜[01m[Kint main(int, char**)[m[Kâ€™:
[01m[K/home/marco/IntelligentRobotics/catkin_ws/src/intro_tutorial/src/example3_b.cpp:23:48:[m[K [01;31m[Kerror: [m[Kâ€˜[01m[Kintro_tutorial::srv1::Response[m[Kâ€™ {aka â€˜[01m[Kstruct intro_tutorial::srv1Response_<std::allocator<void> >[m[Kâ€™} has no member named â€˜[01m[Ksum[m[Kâ€™
   23 |         ROS_INFO("Sum: %ld", (int)srv.response.[01;31m[Ksum[m[K);
      |                                                [01;31m[K^~~[m[K
[01m[K/opt/ros/noetic/include/ros/console.h:351:165:[m[K [01;36m[Knote: [m[Kin definition of macro â€˜[01m[KROSCONSOLE_PRINT_AT_LOCATION_WITH_FILTER[m[Kâ€™
  351 |     ::ros::console::print(filter, __rosconsole_define_location__loc.logger_, __rosconsole_define_location__loc.level_, __FILE__, __LINE__, __ROSCONSOLE_FUNCTION__, [01;36m[K__VA_ARGS__[m[K)
      |                                                                                                                                                                     [01;36m[K^~~~~~~~~~~[m[K
[01m[K/opt/ros/noetic/include/ros/console.h:390:7:[m[K [01;36m[Knote: [m[Kin expansion of macro â€˜[01m[KROSCONSOLE_PRINT_AT_LOCATION[m[Kâ€™
  390 |       [01;36m[KROSCONSOLE_PRINT_AT_LOCATION[m[K(__VA_ARGS__); \
      |       [01;36m[K^~~~~~~~~~~~~~~~~~~~~~~~~~~~[m[K
[01m[K/opt/ros/noetic/include/ros/console.h:575:35:[m[K [01;36m[Knote: [m[Kin expansion of macro â€˜[01m[KROS_LOG_COND[m[Kâ€™
  575 | #define ROS_LOG(level, name, ...) [01;36m[KROS_LOG_COND[m[K(true, level, name, __VA_ARGS__)
      |                                   [01;36m[K^~~~~~~~~~~~[m[K
[01m[K/opt/ros/noetic/include/rosconsole/macros_generated.h:110:23:[m[K [01;36m[Knote: [m[Kin expansion of macro â€˜[01m[KROS_LOG[m[Kâ€™
  110 | #define ROS_INFO(...) [01;36m[KROS_LOG[m[K(::ros::console::levels::Info, ROSCONSOLE_DEFAULT_NAME, __VA_ARGS__)
      |                       [01;36m[K^~~~~~~[m[K
[01m[K/home/marco/IntelligentRobotics/catkin_ws/src/intro_tutorial/src/example3_b.cpp:23:9:[m[K [01;36m[Knote: [m[Kin expansion of macro â€˜[01m[KROS_INFO[m[Kâ€™
   23 |         [01;36m[KROS_INFO[m[K("Sum: %ld", (int)srv.response.sum);
      |         [01;36m[K^~~~~~~~[m[K
make[2]: *** [CMakeFiles/example3_b.dir/build.make:63: CMakeFiles/example3_b.dir/src/example3_b.cpp.o] Error 1
[01m[K/home/marco/IntelligentRobotics/catkin_ws/src/intro_tutorial/src/example3_a.cpp:[m[K In function â€˜[01m[Kbool add(intro_tutorial::srv1::Request&, intro_tutorial::srv1::Response&)[m[Kâ€™:
[01m[K/home/marco/IntelligentRobotics/catkin_ws/src/intro_tutorial/src/example3_a.cpp:7:9:[m[K [01;31m[Kerror: [m[Kâ€˜[01m[Kintro_tutorial::srv1::Response[m[Kâ€™ {aka â€˜[01m[Kstruct intro_tutorial::srv1Response_<std::allocator<void> >[m[Kâ€™} has no member named â€˜[01m[Ksum[m[Kâ€™
    7 |     res.[01;31m[Ksum[m[K = req.A + req.B + req.C;
      |         [01;31m[K^~~[m[K
make[1]: *** [CMakeFiles/Makefile2:966: CMakeFiles/example3_b.dir/all] Error 2
make[1]: *** Waiting for unfinished jobs....
In file included from [01m[K/opt/ros/noetic/include/ros/ros.h:40[m[K,
                 from [01m[K/home/marco/IntelligentRobotics/catkin_ws/src/intro_tutorial/src/example3_a.cpp:1[m[K:
[01m[K/home/marco/IntelligentRobotics/catkin_ws/src/intro_tutorial/src/example3_a.cpp:11:23:[m[K [01;31m[Kerror: [m[Kâ€˜[01m[Kintro_tutorial::srv1::Response[m[Kâ€™ {aka â€˜[01m[Kstruct intro_tutorial::srv1Response_<std::allocator<void> >[m[Kâ€™} has no member named â€˜[01m[Ksum[m[Kâ€™
   11 |              (int)res.[01;31m[Ksum[m[K);
      |                       [01;31m[K^~~[m[K
[01m[K/opt/ros/noetic/include/ros/console.h:351:165:[m[K [01;36m[Knote: [m[Kin definition of macro â€˜[01m[KROSCONSOLE_PRINT_AT_LOCATION_WITH_FILTER[m[Kâ€™
  351 |     ::ros::console::print(filter, __rosconsole_define_location__loc.logger_, __rosconsole_define_location__loc.level_, __FILE__, __LINE__, __ROSCONSOLE_FUNCTION__, [01;36m[K__VA_ARGS__[m[K)
      |                                                                                                                                                                     [01;36m[K^~~~~~~~~~~[m[K
[01m[K/opt/ros/noetic/include/ros/console.h:390:7:[m[K [01;36m[Knote: [m[Kin expansion of macro â€˜[01m[KROSCONSOLE_PRINT_AT_LOCATION[m[Kâ€™
  390 |       [01;36m[KROSCONSOLE_PRINT_AT_LOCATION[m[K(__VA_ARGS__); \
      |       [01;36m[K^~~~~~~~~~~~~~~~~~~~~~~~~~~~[m[K
[01m[K/opt/ros/noetic/include/ros/console.h:575:35:[m[K [01;36m[Knote: [m[Kin expansion of macro â€˜[01m[KROS_LOG_COND[m[Kâ€™
  575 | #define ROS_LOG(level, name, ...) [01;36m[KROS_LOG_COND[m[K(true, level, name, __VA_ARGS__)
      |                                   [01;36m[K^~~~~~~~~~~~[m[K
[01m[K/opt/ros/noetic/include/rosconsole/macros_generated.h:110:23:[m[K [01;36m[Knote: [m[Kin expansion of macro â€˜[01m[KROS_LOG[m[Kâ€™
  110 | #define ROS_INFO(...) [01;36m[KROS_LOG[m[K(::ros::console::levels::Info, ROSCONSOLE_DEFAULT_NAME, __VA_ARGS__)
      |                       [01;36m[K^~~~~~~[m[K
[01m[K/home/marco/IntelligentRobotics/catkin_ws/src/intro_tutorial/src/example3_a.cpp:10:5:[m[K [01;36m[Knote: [m[Kin expansion of macro â€˜[01m[KROS_INFO[m[Kâ€™
   10 |     [01;36m[KROS_INFO[m[K("sending back response: [%d]",
      |     [01;36m[K^~~~~~~~[m[K
make[2]: *** [CMakeFiles/example3_a.dir/build.make:63: CMakeFiles/example3_a.dir/src/example3_a.cpp.o] Error 1
make[1]: *** [CMakeFiles/Makefile2:1801: CMakeFiles/example3_a.dir/all] Error 2
make: *** [Makefile:141: all] Error 2
