[  0%] Built target std_msgs_generate_messages_cpp
[  0%] Built target std_msgs_generate_messages_py
[  0%] Built target std_msgs_generate_messages_nodejs
[  0%] Built target std_msgs_generate_messages_eus
[  0%] Built target std_msgs_generate_messages_lisp
[  0%] Built target _exercise1_generate_messages_check_deps_Message
[  9%] Built target exercise1_generate_messages_cpp
[ 18%] Built target exercise1_generate_messages_lisp
[ 27%] Built target exercise1_generate_messages_nodejs
[ 45%] Built target exercise1_generate_messages_py
[35m[1mScanning dependencies of target cleaner_robot[0m
[ 63%] Built target exercise1_generate_messages_eus
[ 72%] [32mBuilding CXX object CMakeFiles/cleaner_robot.dir/src/cleaner_robot.cpp.o[0m
[ 90%] Built target charging_station
[ 90%] Built target exercise1_generate_messages
[01m[K/home/marco/IntelligentRobotics/exercise1_ws/src/exercise1/src/cleaner_robot.cpp:[m[K In function â€˜[01m[Kint main(int, char**)[m[Kâ€™:
[01m[K/home/marco/IntelligentRobotics/exercise1_ws/src/exercise1/src/cleaner_robot.cpp:46:38:[m[K [01;31m[Kerror: [m[Kâ€˜[01m[Knh[m[Kâ€™ was not declared in this scope; did you mean â€˜[01m[Kn[m[Kâ€™?
   46 |     ros::Timer battery_level_timer = [01;31m[Knh[m[K.createTimer(ros::Duration(2), [&battery](const ros::TimerEvent &)
      |                                      [01;31m[K^~[m[K
      |                                      [32m[Kn[m[K
make[2]: *** [CMakeFiles/cleaner_robot.dir/build.make:63: CMakeFiles/cleaner_robot.dir/src/cleaner_robot.cpp.o] Error 1
make[1]: *** [CMakeFiles/Makefile2:631: CMakeFiles/cleaner_robot.dir/all] Error 2
make: *** [Makefile:141: all] Error 2
