[  0%] Built target std_msgs_generate_messages_cpp
[  0%] Built target std_msgs_generate_messages_lisp
[  0%] Built target std_msgs_generate_messages_py
[  0%] Built target _exercise2_generate_messages_check_deps_Message
[  0%] Built target std_msgs_generate_messages_nodejs
[  0%] Built target _exercise2_generate_messages_check_deps_Service
[  0%] Built target std_msgs_generate_messages_eus
[ 11%] Built target exercise2_generate_messages_lisp
[ 23%] Built target exercise2_generate_messages_cpp
[ 35%] Built target exercise2_generate_messages_nodejs
[ 58%] Built target exercise2_generate_messages_py
[ 76%] Built target exercise2_generate_messages_eus
[ 88%] Built target charging_station
[35m[1mScanning dependencies of target cleaner_robot[0m
[ 94%] [32mBuilding CXX object CMakeFiles/cleaner_robot.dir/src/cleaner_robot.cpp.o[0m
[ 94%] Built target exercise2_generate_messages
[01m[K/home/marco/IntelligentRobotics/exercise2_ws/src/exercise2/src/cleaner_robot.cpp:[m[K In function â€˜[01m[Kint main(int, char**)[m[Kâ€™:
[01m[K/home/marco/IntelligentRobotics/exercise2_ws/src/exercise2/src/cleaner_robot.cpp:70:79:[m[K [01;31m[Kerror: [m[Kinvalid use of non-static member function â€˜[01m[Kbool Robot::get_robot_state(exercise2::Service::Request&, exercise2::Service::Response&)[m[Kâ€™
   70 |     ros::ServiceServer service = n.advertiseService("/get_robot_state", [01;31m[Krobot.get_robot_state[m[K);
      |                                                                         [01;31m[K~~~~~~^~~~~~~~~~~~~~~[m[K
[01m[K/home/marco/IntelligentRobotics/exercise2_ws/src/exercise2/src/cleaner_robot.cpp:30:10:[m[K [01;36m[Knote: [m[Kdeclared here
   30 |     bool [01;36m[Kget_robot_state[m[K(exercise2::Service::Request &req, exercise2::Service::Response &res)
      |          [01;36m[K^~~~~~~~~~~~~~~[m[K
make[2]: *** [CMakeFiles/cleaner_robot.dir/build.make:63: CMakeFiles/cleaner_robot.dir/src/cleaner_robot.cpp.o] Error 1
make[1]: *** [CMakeFiles/Makefile2:721: CMakeFiles/cleaner_robot.dir/all] Error 2
make: *** [Makefile:141: all] Error 2
